
29-12-2019 19:45:20
iCopy Version: 1.6.6.45
Windows Version: Microsoft Windows NT 6.2.9200.0
.NET Version: 2.0.50727.9148
-----------------
    WIA Device count: 0
    


29-12-2019 19:45:31
iCopy Version: 1.6.6.45
Windows Version: Microsoft Windows NT 6.2.9200.0
.NET Version: 2.0.50727.9148
-----------------
    WIA Device count: 0
    


29-12-2019 20:06:14
iCopy Version: 1.6.6.45
Windows Version: Microsoft Windows NT 6.2.9200.0
.NET Version: 2.0.50727.9148
-----------------
    WIA Device count: 0
    


29-12-2019 20:06:24
iCopy Version: 1.6.6.45
Windows Version: Microsoft Windows NT 6.2.9200.0
.NET Version: 2.0.50727.9148
-----------------
    WIA Device count: 0
    


30-12-2019 09:34:54
iCopy Version: 1.6.6.45
Windows Version: Microsoft Windows NT 6.2.9200.0
.NET Version: 2.0.50727.9148
-----------------
    WIA Device count: 0
    


30-12-2019 09:46:22
iCopy Version: 1.6.6.45
Windows Version: Microsoft Windows NT 6.2.9200.0
.NET Version: 2.0.50727.9148
-----------------
    WIA Device count: 0
    


31.12.2019 09:57:48
iCopy Version: 1.6.6.45
Windows Version: Microsoft Windows NT 6.2.9200.0
.NET Version: 2.0.50727.8937
-----------------
    WIA Device count: 4
    

